
2024-11-02 16:32:53,425 - INFO - O código de automação para assistir vídeos no YouTube vai começar...
2024-11-02 16:32:54,154 - INFO - Conectividade com a internet verificada.
2024-11-02 16:32:54,263 - INFO - IP trocado com sucesso!
2024-11-02 16:32:59,688 - INFO - Navegador Chrome aberto com sucesso!
2024-11-02 16:33:10,219 - INFO - Vídeo encontrado e iniciado: https://www.youtube.com/shorts/yRMN-ymQReE
2024-11-02 16:33:28,431 - INFO - Navegador fechado com sucesso.
2024-11-02 16:33:32,790 - INFO - Dados de navegação e cookies limpos com sucesso.
2024-11-02 16:33:32,890 - INFO - IP trocado com sucesso!
2024-11-02 16:33:38,313 - INFO - Navegador Chrome aberto com sucesso!
2024-11-02 16:33:48,835 - INFO - Vídeo encontrado e iniciado: https://www.youtube.com/shorts/yRMN-ymQReE
2024-11-02 16:34:45,891 - INFO - O código de automação para assistir vídeos no YouTube vai começar...
2024-11-02 16:34:46,570 - INFO - Conectividade com a internet verificada.
2024-11-02 16:34:46,675 - INFO - IP trocado com sucesso!
2024-11-02 16:34:52,103 - INFO - Navegador Chrome aberto com sucesso!
2024-11-02 16:35:02,628 - INFO - Vídeo encontrado e iniciado: https://www.youtube.com/shorts/yRMN-ymQReE
2024-11-02 16:35:20,838 - INFO - Navegador fechado com sucesso.
2024-11-02 16:35:25,242 - INFO - Dados de navegação e cookies limpos com sucesso.
2024-11-02 16:35:25,333 - INFO - IP trocado com sucesso!
2024-11-02 16:35:30,778 - INFO - Navegador Chrome aberto com sucesso!
2024-11-02 16:35:41,301 - INFO - Vídeo encontrado e iniciado: https://www.youtube.com/shorts/yRMN-ymQReE
2024-11-02 16:40:40,183 - INFO - O código de automação para assistir vídeos no YouTube vai começar...
2024-11-02 16:40:40,821 - INFO - Conectividade com a internet verificada.
2024-11-02 16:40:40,920 - INFO - IP trocado com sucesso!
2024-11-02 16:40:46,365 - INFO - Navegador Chrome aberto com sucesso!
2024-11-02 16:41:01,902 - INFO - Vídeo encontrado e iniciado: https://www.youtube.com/shorts/yRMN-ymQReE
2024-11-02 16:41:12,136 - INFO - Navegador fechado com sucesso.
2024-11-02 16:41:16,546 - INFO - Dados de navegação e cookies limpos com sucesso.
2024-11-02 16:41:16,648 - INFO - IP trocado com sucesso!
2024-11-02 16:41:22,071 - INFO - Navegador Chrome aberto com sucesso!
2024-11-02 16:41:37,610 - INFO - Vídeo encontrado e iniciado: https://www.youtube.com/shorts/yRMN-ymQReE
2024-11-02 16:41:47,852 - INFO - Navegador fechado com sucesso.
